2026-04-20 16:14:46.981935: W tensorflow/stream_executor/platform/default/dso_loader.cc:55] Could not load dynamic library 'cudart64_100.dll'; dlerror: cudart64_100.dll not found
2026-04-20 16:14:46.982032: I tensorflow/stream_executor/cuda/cudart_stub.cc:29] Ignore above cudart dlerror if you do not have a GPU set up on your machine.
WARNING:tensorflow:From c:\Users\Guanchun\Desktop\Guanchun\Research\ntm\model.py:63: The name tf.placeholder is deprecated. Please use tf.compat.v1.placeholder instead.

WARNING:tensorflow:From c:\Users\Guanchun\Desktop\Guanchun\Research\ntm\ntm\mann_cell.py:12: BasicLSTMCell.__init__ (from tensorflow.python.ops.rnn_cell_impl) is deprecated and will be removed in a future version.
Instructions for updating:
This class is equivalent as tf.keras.layers.LSTMCell, and will be replaced by that in Tensorflow 2.0.
WARNING:tensorflow:From c:\Users\Guanchun\Desktop\Guanchun\Research\ntm\ntm\mann_cell.py:148: The name tf.variable_scope is deprecated. Please use tf.compat.v1.variable_scope instead.

WARNING:tensorflow:From C:\Users\Guanchun\anaconda3\envs\ntm\lib\site-packages\tensorflow_core\python\ops\rnn_cell_impl.py:735: Layer.add_variable (from tensorflow.python.keras.engine.base_layer) is deprecated and will be removed in a future version.
Instructions for updating:
Please use `layer.add_weight` method instead.
WARNING:tensorflow:From C:\Users\Guanchun\anaconda3\envs\ntm\lib\site-packages\tensorflow_core\python\ops\rnn_cell_impl.py:739: calling Zeros.__init__ (from tensorflow.python.ops.init_ops) with dtype is deprecated and will be removed in a future version.
Instructions for updating:
Call initializer instance with the dtype argument instead of passing it to the constructor
WARNING:tensorflow:From c:\Users\Guanchun\Desktop\Guanchun\Research\ntm\ntm\mann_cell.py:37: The name tf.get_variable is deprecated. Please use tf.compat.v1.get_variable instead.

WARNING:tensorflow:From c:\Users\Guanchun\Desktop\Guanchun\Research\ntm\ntm\mann_cell.py:41: The name tf.nn.xw_plus_b is deprecated. Please use tf.compat.v1.nn.xw_plus_b instead.

WARNING:tensorflow:From c:\Users\Guanchun\Desktop\Guanchun\Research\ntm\ntm\mann_cell.py:120: calling reduce_sum_v1 (from tensorflow.python.ops.math_ops) with keep_dims is deprecated and will be removed in a future version.
Instructions for updating:
keep_dims is deprecated, use keepdims instead
WARNING:tensorflow:From C:\Users\Guanchun\anaconda3\envs\ntm\lib\site-packages\tensorflow_core\python\util\dispatch.py:180: calling expand_dims (from tensorflow.python.ops.array_ops) with dim is deprecated and will be removed in a future version.
Instructions for updating:
Use the `axis` argument instead
WARNING:tensorflow:From c:\Users\Guanchun\Desktop\Guanchun\Research\ntm\model.py:105: calling softmax (from tensorflow.python.ops.nn_ops) with dim is deprecated and will be removed in a future version.
Instructions for updating:
dim is deprecated, use axis instead
WARNING:tensorflow:From c:\Users\Guanchun\Desktop\Guanchun\Research\ntm\model.py:116: The name tf.log is deprecated. Please use tf.math.log instead.

WARNING:tensorflow:From c:\Users\Guanchun\Desktop\Guanchun\Research\ntm\model.py:123: The name tf.summary.scalar is deprecated. Please use tf.compat.v1.summary.scalar instead.

WARNING:tensorflow:From c:\Users\Guanchun\Desktop\Guanchun\Research\ntm\model.py:126: The name tf.train.AdamOptimizer is deprecated. Please use tf.compat.v1.train.AdamOptimizer instead.

WARNING:tensorflow:From one_shot_learning.py:50: The name tf.Session is deprecated. Please use tf.compat.v1.Session instead.

2026-04-20 16:17:27.925401: I tensorflow/stream_executor/platform/default/dso_loader.cc:44] Successfully opened dynamic library nvcuda.dll
2026-04-20 16:17:27.945397: I tensorflow/core/common_runtime/gpu/gpu_device.cc:1618] Found device 0 with properties: 
name: NVIDIA GeForce RTX 4090 major: 8 minor: 9 memoryClockRate(GHz): 2.625
pciBusID: 0000:17:00.0
2026-04-20 16:17:27.946292: W tensorflow/stream_executor/platform/default/dso_loader.cc:55] Could not load dynamic library 'cudart64_100.dll'; dlerror: cudart64_100.dll not found
2026-04-20 16:17:27.946871: W tensorflow/stream_executor/platform/default/dso_loader.cc:55] Could not load dynamic library 'cublas64_100.dll'; dlerror: cublas64_100.dll not found
2026-04-20 16:17:27.947413: W tensorflow/stream_executor/platform/default/dso_loader.cc:55] Could not load dynamic library 'cufft64_100.dll'; dlerror: cufft64_100.dll not found
2026-04-20 16:17:27.947929: W tensorflow/stream_executor/platform/default/dso_loader.cc:55] Could not load dynamic library 'curand64_100.dll'; dlerror: curand64_100.dll not found
2026-04-20 16:17:27.948438: W tensorflow/stream_executor/platform/default/dso_loader.cc:55] Could not load dynamic library 'cusolver64_100.dll'; dlerror: cusolver64_100.dll not found
2026-04-20 16:17:27.948941: W tensorflow/stream_executor/platform/default/dso_loader.cc:55] Could not load dynamic library 'cusparse64_100.dll'; dlerror: cusparse64_100.dll not found
2026-04-20 16:17:27.949444: W tensorflow/stream_executor/platform/default/dso_loader.cc:55] Could not load dynamic library 'cudnn64_7.dll'; dlerror: cudnn64_7.dll not found
2026-04-20 16:17:27.949450: W tensorflow/core/common_runtime/gpu/gpu_device.cc:1641] Cannot dlopen some GPU libraries. Please make sure the missing libraries mentioned above are installed properly if you would like to use GPU. Follow the guide at https://www.tensorflow.org/install/gpu for how to download and setup the required libraries for your platform.
Skipping registering GPU devices...
2026-04-20 16:17:27.949729: I tensorflow/core/platform/cpu_feature_guard.cc:142] Your CPU supports instructions that this TensorFlow binary was not compiled to use: AVX2
2026-04-20 16:17:27.963897: I tensorflow/core/common_runtime/gpu/gpu_device.cc:1159] Device interconnect StreamExecutor with strength 1 edge matrix:
2026-04-20 16:17:27.963907: I tensorflow/core/common_runtime/gpu/gpu_device.cc:1165]      
WARNING:tensorflow:From one_shot_learning.py:58: The name tf.train.Saver is deprecated. Please use tf.compat.v1.train.Saver instead.

WARNING:tensorflow:From one_shot_learning.py:58: The name tf.global_variables is deprecated. Please use tf.compat.v1.global_variables instead.

WARNING:tensorflow:From one_shot_learning.py:59: The name tf.global_variables_initializer is deprecated. Please use tf.compat.v1.global_variables_initializer instead.

WARNING:tensorflow:From one_shot_learning.py:60: The name tf.summary.FileWriter is deprecated. Please use tf.compat.v1.summary.FileWriter instead.

